<?xml version="1.0" encoding="UTF-8"?>
<!-- Generated by org.testng.reporters.JUnitReportReporter -->
<testsuite hostname="nycs-MBP.lan" failures="0" tests="3" name="testPages.HomePageTest" time="36.276" errors="0" timestamp="2023-01-04T16:14:05 EST" skipped="0">
  <testcase classname="testPages.HomePageTest" name="clickLogoButtonTest" time="11.843"/>
  <system-out/>
  <testcase classname="testPages.HomePageTest" name="clickfeedBackTest" time="12.821"/>
  <system-out/>
  <testcase classname="testPages.HomePageTest" name="clickBodyWrapTest" time="11.612"/>
  <system-out/>
</testsuite> <!-- testPages.HomePageTest -->
